#
# There is insufficient memory for the Java Runtime Environment to continue.
# Native memory allocation (malloc) failed to allocate 1049376 bytes for Chunk::new
# Possible reasons:
#   The system is out of physical RAM or swap space
#   In 32 bit mode, the process size limit was hit
# Possible solutions:
#   Reduce memory load on the system
#   Increase physical memory or swap space
#   Check if swap backing store is full
#   Use 64 bit Java on a 64 bit OS
#   Decrease Java heap size (-Xmx/-Xms)
#   Decrease number of Java threads
#   Decrease Java thread stack sizes (-Xss)
#   Set larger code cache with -XX:ReservedCodeCacheSize=
# This output file may be truncated or incomplete.
#
#  Out of Memory Error (allocation.cpp:390), pid=6872, tid=0x0000000000002558
#
# JRE version: OpenJDK Runtime Environment (8.0_152-b02) (build 1.8.0_152-release-1024-b02)
# Java VM: OpenJDK 64-Bit Server VM (25.152-b02 mixed mode windows-amd64 compressed oops)
# Failed to write core dump. Minidumps are not enabled by default on client versions of Windows
#

---------------  T H R E A D  ---------------

Current thread (0x000000001adeb800):  JavaThread "C2 CompilerThread0" daemon [_thread_in_native, id=9560, stack(0x000000001b5d0000,0x000000001b6d0000)]

Stack: [0x000000001b5d0000,0x000000001b6d0000]
[error occurred during error reporting (printing stack bounds), id 0xc0000005]

Native frames: (J=compiled Java code, j=interpreted, Vv=VM code, C=native code)


Current CompileTask:
C2:5432180 26346       4       org.gradle.api.internal.artifacts.ivyservice.ivyresolve.parser.PomReader::getDependencyMgt (20 bytes)


---------------  P R O C E S S  ---------------

Java Threads: ( => current thread )
  0x0000000020c25000 JavaThread "stdout" daemon [_thread_in_native, id=9384, stack(0x0000000032490000,0x0000000032590000)]
  0x0000000020c24800 JavaThread "stderr" daemon [_thread_in_native, id=6276, stack(0x0000000032390000,0x0000000032490000)]
  0x0000000020c2a800 JavaThread "stdout" daemon [_thread_in_native, id=7808, stack(0x0000000032290000,0x0000000032390000)]
  0x0000000020c29000 JavaThread "stderr" daemon [_thread_in_native, id=2780, stack(0x0000000032190000,0x0000000032290000)]
  0x0000000020c21800 JavaThread "stdout" daemon [_thread_in_native, id=7132, stack(0x0000000032090000,0x0000000032190000)]
  0x0000000020c28000 JavaThread "stderr" daemon [_thread_in_native, id=8560, stack(0x0000000031f90000,0x0000000032090000)]
  0x0000000020c20000 JavaThread "stdout" daemon [_thread_in_native, id=6192, stack(0x0000000031e90000,0x0000000031f90000)]
  0x0000000020c20800 JavaThread "stderr" daemon [_thread_in_native, id=3432, stack(0x0000000031d90000,0x0000000031e90000)]
  0x0000000020c26800 JavaThread "stdout" daemon [_thread_in_native, id=6172, stack(0x0000000031c90000,0x0000000031d90000)]
  0x0000000020c22000 JavaThread "stderr" daemon [_thread_in_native, id=7128, stack(0x0000000031b90000,0x0000000031c90000)]
  0x0000000020c26000 JavaThread "stdout" daemon [_thread_in_native, id=7000, stack(0x0000000031a90000,0x0000000031b90000)]
  0x0000000020c23800 JavaThread "stderr" daemon [_thread_in_native, id=3944, stack(0x0000000031990000,0x0000000031a90000)]
  0x0000000023c14800 JavaThread "stdout" daemon [_thread_in_native, id=3960, stack(0x0000000031890000,0x0000000031990000)]
  0x0000000023c10800 JavaThread "stderr" daemon [_thread_in_native, id=9284, stack(0x0000000031790000,0x0000000031890000)]
  0x0000000023c10000 JavaThread "stdout" daemon [_thread_in_native, id=884, stack(0x0000000031690000,0x0000000031790000)]
  0x0000000023c08000 JavaThread "stderr" daemon [_thread_in_native, id=4656, stack(0x0000000031590000,0x0000000031690000)]
  0x0000000023c0a000 JavaThread "queued-resource-processor_648" daemon [_thread_blocked, id=9756, stack(0x0000000031490000,0x0000000031590000)]
  0x0000000023c0f000 JavaThread "queued-resource-processor_647" daemon [_thread_blocked, id=9612, stack(0x0000000031390000,0x0000000031490000)]
  0x0000000023c07800 JavaThread "queued-resource-processor_646" daemon [_thread_blocked, id=9316, stack(0x0000000031290000,0x0000000031390000)]
  0x0000000023c0e800 JavaThread "queued-resource-processor_645" daemon [_thread_blocked, id=7628, stack(0x0000000031190000,0x0000000031290000)]
  0x0000000023c06000 JavaThread "queued-resource-processor_644" daemon [_thread_blocked, id=8180, stack(0x0000000031090000,0x0000000031190000)]
  0x0000000023c0a800 JavaThread "queued-resource-processor_643" daemon [_thread_blocked, id=7612, stack(0x0000000030f90000,0x0000000031090000)]
  0x0000000023c0b800 JavaThread "queued-resource-processor_642" daemon [_thread_blocked, id=7136, stack(0x0000000030e90000,0x0000000030f90000)]
  0x0000000023c0d000 JavaThread "queued-resource-processor_641" daemon [_thread_blocked, id=3964, stack(0x0000000030d90000,0x0000000030e90000)]
  0x000000001f431000 JavaThread "Task worker for ':' Thread 7" [_thread_blocked, id=7720, stack(0x000000002f390000,0x000000002f490000)]
  0x000000001f435800 JavaThread "Task worker for ':' Thread 6" [_thread_blocked, id=4932, stack(0x000000002f290000,0x000000002f390000)]
  0x000000001f430000 JavaThread "Task worker for ':' Thread 5" [_thread_blocked, id=1608, stack(0x000000002f190000,0x000000002f290000)]
  0x000000001f434800 JavaThread "Task worker for ':' Thread 4" [_thread_blocked, id=10136, stack(0x000000002f090000,0x000000002f190000)]
  0x000000001f434000 JavaThread "Task worker for ':' Thread 3" [_thread_blocked, id=2820, stack(0x000000002ef90000,0x000000002f090000)]
  0x000000001f42e000 JavaThread "Task worker for ':' Thread 2" [_thread_blocked, id=10072, stack(0x000000002ee90000,0x000000002ef90000)]
  0x000000001f42f800 JavaThread "Task worker for ':'" [_thread_blocked, id=544, stack(0x000000002ed90000,0x000000002ee90000)]
  0x000000001f433000 JavaThread "Cache worker for Build Output Cleanup Cache (C:\Users\Usuario\AndroidStudioProjects\2018\Localizador\.gradle\buildOutputCleanup)" [_thread_blocked, id=1680, stack(0x000000002ec90000,0x000000002ed90000)]
  0x000000001f432800 JavaThread "Cache worker for task history cache (C:\Users\Usuario\AndroidStudioProjects\2018\Localizador\.gradle\4.4\taskHistory)" [_thread_blocked, id=7608, stack(0x000000002eb90000,0x000000002ec90000)]
  0x000000001f431800 JavaThread "Cache worker for file content cache (C:\Users\Usuario\AndroidStudioProjects\2018\Localizador\.gradle\4.4\fileContent)" [_thread_blocked, id=5768, stack(0x000000002ea90000,0x000000002eb90000)]
  0x000000001f426800 JavaThread "build operations Thread 8" [_thread_blocked, id=5428, stack(0x000000002e990000,0x000000002ea90000)]
  0x000000001f42d000 JavaThread "build operations Thread 7" [_thread_blocked, id=232, stack(0x000000002e890000,0x000000002e990000)]
  0x000000001f42a000 JavaThread "build operations Thread 6" [_thread_blocked, id=5364, stack(0x000000002e790000,0x000000002e890000)]
  0x000000001f425800 JavaThread "build operations Thread 5" [_thread_blocked, id=5028, stack(0x000000002e690000,0x000000002e790000)]
  0x000000001f42b800 JavaThread "build operations Thread 4" [_thread_blocked, id=1776, stack(0x000000002e590000,0x000000002e690000)]
  0x000000001f428800 JavaThread "build operations Thread 3" [_thread_blocked, id=2884, stack(0x000000002e490000,0x000000002e590000)]
  0x000000001fb35000 JavaThread "build operations Thread 2" [_thread_blocked, id=2040, stack(0x000000002e390000,0x000000002e490000)]
  0x000000001fb34800 JavaThread "build operations" [_thread_blocked, id=2168, stack(0x000000002e290000,0x000000002e390000)]
  0x000000001fb33000 JavaThread "Cache worker for Artifact transforms cache (C:\Users\Usuario\.gradle\caches\transforms-1)" [_thread_blocked, id=9088, stack(0x000000002e190000,0x000000002e290000)]
  0x000000001fb30800 JavaThread "Cache worker for file hash cache (C:\Users\Usuario\AndroidStudioProjects\2018\Localizador\.gradle\4.4\fileHashes)" [_thread_blocked, id=9228, stack(0x000000002e090000,0x000000002e190000)]
  0x000000001fb28800 JavaThread "Stdin handler" [_thread_blocked, id=8720, stack(0x000000002df90000,0x000000002e090000)]
  0x000000001fb2a800 JavaThread "Asynchronous log dispatcher for DefaultDaemonConnection: socket connection from /127.0.0.1:52849 to /127.0.0.1:55900" [_thread_blocked, id=1076, stack(0x000000002de90000,0x000000002df90000)]
  0x000000001fb2f000 JavaThread "Cancel handler" [_thread_blocked, id=1584, stack(0x000000002dd90000,0x000000002de90000)]
  0x000000001fb2d800 JavaThread "Handler for socket connection from /127.0.0.1:52849 to /127.0.0.1:55900" [_thread_in_native, id=2132, stack(0x000000002dc90000,0x000000002dd90000)]
  0x000000001fc93000 JavaThread "Daemon worker Thread 20" [_thread_blocked, id=1628, stack(0x0000000077220000,0x0000000077320000)]
  0x000000001fc8f800 JavaThread "Daemon Thread 20" [_thread_blocked, id=6028, stack(0x0000000076f20000,0x0000000077020000)]
  0x000000001fc99000 JavaThread "Memory manager" [_thread_blocked, id=7732, stack(0x0000000025910000,0x0000000025a10000)]
  0x000000001fc98800 JavaThread "pool-1-thread-1" [_thread_blocked, id=1604, stack(0x0000000025610000,0x0000000025710000)]
  0x000000001d1a7000 JavaThread "File lock request listener" [_thread_in_native, id=4076, stack(0x000000001e840000,0x000000001e940000)]
  0x000000001cfd5800 JavaThread "Cache worker for file hash cache (C:\Users\Usuario\.gradle\caches\4.4\fileHashes)" [_thread_blocked, id=6596, stack(0x000000001e740000,0x000000001e840000)]
  0x000000001c97c800 JavaThread "Daemon periodic checks" [_thread_blocked, id=1308, stack(0x000000001db40000,0x000000001dc40000)]
  0x000000001c3b5800 JavaThread "Incoming local TCP Connector on port 52849" [_thread_in_native, id=4820, stack(0x000000001d8e0000,0x000000001d9e0000)]
  0x000000001ae85800 JavaThread "Service Thread" daemon [_thread_blocked, id=2704, stack(0x000000001b9d0000,0x000000001bad0000)]
  0x000000001adf6000 JavaThread "C1 CompilerThread3" daemon [_thread_blocked, id=7804, stack(0x000000001b8d0000,0x000000001b9d0000)]
  0x000000001adf1800 JavaThread "C2 CompilerThread2" daemon [_thread_blocked, id=1092, stack(0x000000001b7d0000,0x000000001b8d0000)]
  0x000000001aded800 JavaThread "C2 CompilerThread1" daemon [_thread_in_native, id=7184, stack(0x000000001b6d0000,0x000000001b7d0000)]
=>0x000000001adeb800 JavaThread "C2 CompilerThread0" daemon [_thread_in_native, id=9560, stack(0x000000001b5d0000,0x000000001b6d0000)]
  0x000000001adea000 JavaThread "Attach Listener" daemon [_thread_blocked, id=10156, stack(0x000000001b4d0000,0x000000001b5d0000)]
  0x000000001ade9000 JavaThread "Signal Dispatcher" daemon [_thread_blocked, id=6012, stack(0x000000001b3d0000,0x000000001b4d0000)]
  0x000000001ade0800 JavaThread "Finalizer" daemon [_thread_blocked, id=5616, stack(0x000000001b1c0000,0x000000001b2c0000)]
  0x0000000005127000 JavaThread "Reference Handler" daemon [_thread_blocked, id=5432, stack(0x000000001acc0000,0x000000001adc0000)]
  0x0000000004fce000 JavaThread "main" [_thread_blocked, id=5540, stack(0x0000000004e60000,0x0000000004f60000)]

Other Threads:
  0x0000000005124800 VMThread [stack: 0x000000001abc0000,0x000000001acc0000] [id=3744]
  0x000000001ae86800 WatcherThread [stack: 0x000000001bad0000,0x000000001bbd0000] [id=6252]

VM state:not at safepoint (normal execution)

VM Mutex/Monitor currently owned by a thread: None

Heap:
 PSYoungGen      total 399360K, used 232701K [0x00000000e0000000, 0x00000000f9e80000, 0x0000000100000000)
  eden space 382464K, 59% used [0x00000000e0000000,0x00000000edc954c0,0x00000000f7580000)
  from space 16896K, 40% used [0x00000000f8e00000,0x00000000f94aa1e0,0x00000000f9e80000)
  to   space 20992K, 0% used [0x00000000f7580000,0x00000000f7580000,0x00000000f8a00000)
 ParOldGen       total 214016K, used 97721K [0x00000000a0000000, 0x00000000ad100000, 0x00000000e0000000)
  object space 214016K, 45% used [0x00000000a0000000,0x00000000a5f6e728,0x00000000ad100000)
 Metaspace       used 87139K, capacity 95448K, committed 95576K, reserved 1132544K
  class space    used 11044K, capacity 12887K, committed 12928K, reserved 1048576K

Card table byte_map: [0x00000000144f0000,0x0000000014800000] byte_map_base: 0x0000000013ff0000

Marking Bits: (ParMarkBitMap*) 0x00000000529a4970
 Begin Bits: [0x0000000015200000, 0x0000000016a00000)
 End Bits:   [0x0000000016a00000, 0x0000000018200000)

Polling page: 0x0000000003220000

CodeCache: size=245760Kb used=70240Kb max_used=73044Kb free=175519Kb
 bounds [0x0000000005130000, 0x0000000009950000, 0x0000000014130000]
 total_blobs=20520 nmethods=19678 adapters=753
 compilation: enabled

Compilation events (10 events):
Event: 5431.236 Thread 0x000000001adf6000 nmethod 26408 0x0000000006fa62d0 code [0x0000000006fa6420, 0x0000000006fa65f0]
Event: 5431.238 Thread 0x000000001adf6000 26409       3       kotlin.sequences.SequencesKt___SequencesKt::toList (14 bytes)
Event: 5431.238 Thread 0x000000001adf6000 nmethod 26409 0x0000000005703990 code [0x0000000005703b60, 0x00000000057041f8]
Event: 5431.426 Thread 0x000000001adf1800 nmethod 26342 0x0000000007b948d0 code [0x0000000007b95340, 0x0000000007b9ed90]
Event: 5431.429 Thread 0x000000001adf1800 26406       4       org.gradle.api.internal.file.collections.DefaultFileCollectionResolveContext::doResolve (356 bytes)
Event: 5431.462 Thread 0x000000001adf1800 nmethod 26406 0x0000000006f78fd0 code [0x0000000006f79380, 0x0000000006f7ad88]
Event: 5431.462 Thread 0x000000001adf1800 26343       4       org.gradle.api.internal.artifacts.ivyservice.ivyresolve.parser.GradlePomModuleDescriptorBuilder::findDependencyDefault (14 bytes)
Event: 5431.568 Thread 0x000000001adf1800 nmethod 26343 0x0000000006bdced0 code [0x0000000006bdd3a0, 0x0000000006be10b0]
Event: 5431.568 Thread 0x000000001adf1800 26401       4       org.gradle.internal.logging.progress.DefaultProgressLoggerFactory$ProgressLoggerImpl::completed (61 bytes)
Event: 5431.583 Thread 0x000000001adf1800 nmethod 26401 0x0000000009778d50 code [0x0000000009778f80, 0x0000000009779d00]

GC Heap History (10 events):
Event: 5290.943 GC heap before
{Heap before GC invocations=55 (full 3):
 PSYoungGen      total 312832K, used 294232K [0x00000000e0000000, 0x00000000f6600000, 0x0000000100000000)
  eden space 287232K, 99% used [0x00000000e0000000,0x00000000f1837fd0,0x00000000f1880000)
  from space 25600K, 28% used [0x00000000f1880000,0x00000000f1f9e1f0,0x00000000f3180000)
  to   space 25088K, 0% used [0x00000000f4d80000,0x00000000f4d80000,0x00000000f6600000)
 ParOldGen       total 214016K, used 96616K [0x00000000a0000000, 0x00000000ad100000, 0x00000000e0000000)
  object space 214016K, 45% used [0x00000000a0000000,0x00000000a5e5a2a8,0x00000000ad100000)
 Metaspace       used 86903K, capacity 94960K, committed 95192K, reserved 1132544K
  class space    used 11009K, capacity 12767K, committed 12800K, reserved 1048576K
Event: 5290.951 GC heap after
Heap after GC invocations=55 (full 3):
 PSYoungGen      total 330240K, used 8207K [0x00000000e0000000, 0x00000000f5f80000, 0x0000000100000000)
  eden space 311808K, 0% used [0x00000000e0000000,0x00000000e0000000,0x00000000f3080000)
  from space 18432K, 44% used [0x00000000f4d80000,0x00000000f5583f98,0x00000000f5f80000)
  to   space 24064K, 0% used [0x00000000f3080000,0x00000000f3080000,0x00000000f4800000)
 ParOldGen       total 214016K, used 96624K [0x00000000a0000000, 0x00000000ad100000, 0x00000000e0000000)
  object space 214016K, 45% used [0x00000000a0000000,0x00000000a5e5c2a8,0x00000000ad100000)
 Metaspace       used 86903K, capacity 94960K, committed 95192K, reserved 1132544K
  class space    used 11009K, capacity 12767K, committed 12800K, reserved 1048576K
}
Event: 5291.013 GC heap before
{Heap before GC invocations=56 (full 3):
 PSYoungGen      total 330240K, used 319886K [0x00000000e0000000, 0x00000000f5f80000, 0x0000000100000000)
  eden space 311808K, 99% used [0x00000000e0000000,0x00000000f305fc48,0x00000000f3080000)
  from space 18432K, 44% used [0x00000000f4d80000,0x00000000f5583f98,0x00000000f5f80000)
  to   space 24064K, 0% used [0x00000000f3080000,0x00000000f3080000,0x00000000f4800000)
 ParOldGen       total 214016K, used 96624K [0x00000000a0000000, 0x00000000ad100000, 0x00000000e0000000)
  object space 214016K, 45% used [0x00000000a0000000,0x00000000a5e5c2a8,0x00000000ad100000)
 Metaspace       used 86903K, capacity 94960K, committed 95192K, reserved 1132544K
  class space    used 11009K, capacity 12767K, committed 12800K, reserved 1048576K
Event: 5291.018 GC heap after
Heap after GC invocations=56 (full 3):
 PSYoungGen      total 335872K, used 6950K [0x00000000e0000000, 0x00000000f8780000, 0x0000000100000000)
  eden space 311808K, 0% used [0x00000000e0000000,0x00000000e0000000,0x00000000f3080000)
  from space 24064K, 28% used [0x00000000f3080000,0x00000000f3749ab0,0x00000000f4800000)
  to   space 23552K, 0% used [0x00000000f7080000,0x00000000f7080000,0x00000000f8780000)
 ParOldGen       total 214016K, used 96624K [0x00000000a0000000, 0x00000000ad100000, 0x00000000e0000000)
  object space 214016K, 45% used [0x00000000a0000000,0x00000000a5e5c2a8,0x00000000ad100000)
 Metaspace       used 86903K, capacity 94960K, committed 95192K, reserved 1132544K
  class space    used 11009K, capacity 12767K, committed 12800K, reserved 1048576K
}
Event: 5387.858 GC heap before
{Heap before GC invocations=57 (full 3):
 PSYoungGen      total 335872K, used 318354K [0x00000000e0000000, 0x00000000f8780000, 0x0000000100000000)
  eden space 311808K, 99% used [0x00000000e0000000,0x00000000f301b0b0,0x00000000f3080000)
  from space 24064K, 28% used [0x00000000f3080000,0x00000000f3749ab0,0x00000000f4800000)
  to   space 23552K, 0% used [0x00000000f7080000,0x00000000f7080000,0x00000000f8780000)
 ParOldGen       total 214016K, used 96624K [0x00000000a0000000, 0x00000000ad100000, 0x00000000e0000000)
  object space 214016K, 45% used [0x00000000a0000000,0x00000000a5e5c2a8,0x00000000ad100000)
 Metaspace       used 86971K, capacity 95080K, committed 95320K, reserved 1132544K
  class space    used 11020K, capacity 12807K, committed 12928K, reserved 1048576K
Event: 5387.865 GC heap after
Heap after GC invocations=57 (full 3):
 PSYoungGen      total 366080K, used 7480K [0x00000000e0000000, 0x00000000f8100000, 0x0000000100000000)
  eden space 349184K, 0% used [0x00000000e0000000,0x00000000e0000000,0x00000000f5500000)
  from space 16896K, 44% used [0x00000000f7080000,0x00000000f77ce090,0x00000000f8100000)
  to   space 22528K, 0% used [0x00000000f5500000,0x00000000f5500000,0x00000000f6b00000)
 ParOldGen       total 214016K, used 97489K [0x00000000a0000000, 0x00000000ad100000, 0x00000000e0000000)
  object space 214016K, 45% used [0x00000000a0000000,0x00000000a5f34728,0x00000000ad100000)
 Metaspace       used 86971K, capacity 95080K, committed 95320K, reserved 1132544K
  class space    used 11020K, capacity 12807K, committed 12928K, reserved 1048576K
}
Event: 5408.369 GC heap before
{Heap before GC invocations=58 (full 3):
 PSYoungGen      total 366080K, used 356664K [0x00000000e0000000, 0x00000000f8100000, 0x0000000100000000)
  eden space 349184K, 100% used [0x00000000e0000000,0x00000000f5500000,0x00000000f5500000)
  from space 16896K, 44% used [0x00000000f7080000,0x00000000f77ce090,0x00000000f8100000)
  to   space 22528K, 0% used [0x00000000f5500000,0x00000000f5500000,0x00000000f6b00000)
 ParOldGen       total 214016K, used 97489K [0x00000000a0000000, 0x00000000ad100000, 0x00000000e0000000)
  object space 214016K, 45% used [0x00000000a0000000,0x00000000a5f34728,0x00000000ad100000)
 Metaspace       used 87050K, capacity 95200K, committed 95320K, reserved 1132544K
  class space    used 11033K, capacity 12847K, committed 12928K, reserved 1048576K
Event: 5408.376 GC heap after
Heap after GC invocations=58 (full 3):
 PSYoungGen      total 371712K, used 7060K [0x00000000e0000000, 0x00000000fa300000, 0x0000000100000000)
  eden space 349184K, 0% used [0x00000000e0000000,0x00000000e0000000,0x00000000f5500000)
  from space 22528K, 31% used [0x00000000f5500000,0x00000000f5be53d8,0x00000000f6b00000)
  to   space 21504K, 0% used [0x00000000f8e00000,0x00000000f8e00000,0x00000000fa300000)
 ParOldGen       total 214016K, used 97673K [0x00000000a0000000, 0x00000000ad100000, 0x00000000e0000000)
  object space 214016K, 45% used [0x00000000a0000000,0x00000000a5f62728,0x00000000ad100000)
 Metaspace       used 87050K, capacity 95200K, committed 95320K, reserved 1132544K
  class space    used 11033K, capacity 12847K, committed 12928K, reserved 1048576K
}
Event: 5409.674 GC heap before
{Heap before GC invocations=59 (full 3):
 PSYoungGen      total 371712K, used 355779K [0x00000000e0000000, 0x00000000fa300000, 0x0000000100000000)
  eden space 349184K, 99% used [0x00000000e0000000,0x00000000f548ba50,0x00000000f5500000)
  from space 22528K, 31% used [0x00000000f5500000,0x00000000f5be53d8,0x00000000f6b00000)
  to   space 21504K, 0% used [0x00000000f8e00000,0x00000000f8e00000,0x00000000fa300000)
 ParOldGen       total 214016K, used 97673K [0x00000000a0000000, 0x00000000ad100000, 0x00000000e0000000)
  object space 214016K, 45% used [0x00000000a0000000,0x00000000a5f62728,0x00000000ad100000)
 Metaspace       used 87072K, capacity 95264K, committed 95576K, reserved 1132544K
  class space    used 11033K, capacity 12847K, committed 12928K, reserved 1048576K
Event: 5409.680 GC heap after
Heap after GC invocations=59 (full 3):
 PSYoungGen      total 399360K, used 6824K [0x00000000e0000000, 0x00000000f9e80000, 0x0000000100000000)
  eden space 382464K, 0% used [0x00000000e0000000,0x00000000e0000000,0x00000000f7580000)
  from space 16896K, 40% used [0x00000000f8e00000,0x00000000f94aa1e0,0x00000000f9e80000)
  to   space 20992K, 0% used [0x00000000f7580000,0x00000000f7580000,0x00000000f8a00000)
 ParOldGen       total 214016K, used 97721K [0x00000000a0000000, 0x00000000ad100000, 0x00000000e0000000)
  object space 214016K, 45% used [0x00000000a0000000,0x00000000a5f6e728,0x00000000ad100000)
 Metaspace       used 87072K, capacity 95264K, committed 95576K, reserved 1132544K
  class space    used 11033K, capacity 12847K, committed 12928K, reserved 1048576K
}

Deoptimization events (10 events):
Event: 3499.287 Thread 0x000000001fb2d000 Uncommon trap: reason=unstable_if action=reinterpret pc=0x0000000008c4c650 method=org.slf4j.helpers.MessageFormatter.deeplyAppendParameter(Ljava/lang/StringBuilder;Ljava/lang/Object;Ljava/util/Map;)V @ 1
Event: 3732.076 Thread 0x0000000023c0a000 Uncommon trap: reason=array_check action=maybe_recompile pc=0x0000000009233340 method=java.util.TimSort.mergeLo(IIII)V @ 468
Event: 4650.766 Thread 0x0000000020c24800 Uncommon trap: reason=unstable_if action=reinterpret pc=0x0000000007aa5a18 method=org.objectweb.asm.Item.a(Lorg/objectweb/asm/Item;)Z @ 345
Event: 4651.136 Thread 0x0000000023c06000 Uncommon trap: reason=array_check action=maybe_recompile pc=0x0000000009488628 method=java.util.TimSort.mergeLo(IIII)V @ 245
Event: 4737.604 Thread 0x000000001f431800 Uncommon trap: reason=null_check action=make_not_entrant pc=0x0000000006c3b7e8 method=com.google.gson.internal.Excluder.isAnonymousOrLocal(Ljava/lang/Class;)Z @ 3
Event: 5112.747 Thread 0x0000000023c0e800 Uncommon trap: reason=unstable_if action=reinterpret pc=0x0000000006ed02d4 method=org.gradle.internal.logging.console.BuildLogLevelFilterRenderer.onOutput(Lorg/gradle/internal/logging/events/OutputEvent;)V @ 18
Event: 5112.977 Thread 0x0000000023c06000 Uncommon trap: reason=null_check action=make_not_entrant pc=0x0000000005e8c668 method=com.sun.org.apache.xerces.internal.parsers.AbstractDOMParser.xmlDecl(Ljava/lang/String;Ljava/lang/String;Ljava/lang/String;Lcom/sun/org/apache/xerces/internal/xni/Augmen
Event: 5215.137 Thread 0x000000001fb2f000 Uncommon trap: reason=unstable_if action=reinterpret pc=0x0000000005dfb188 method=com.google.protobuf.CodedOutputStream.computeUInt32SizeNoTag(I)I @ 14
Event: 5408.083 Thread 0x000000001fc93000 Uncommon trap: reason=null_check action=make_not_entrant pc=0x00000000097794b4 method=org.gradle.api.internal.project.taskfactory.InputPropertyAnnotationHandler.attachActions(Lorg/gradle/api/internal/project/taskfactory/TaskPropertyActionContext;)V @ 26
Event: 5408.385 Thread 0x000000001f428800 Uncommon trap: reason=unstable_if action=reinterpret pc=0x0000000005a77244 method=com.sun.org.apache.xerces.internal.dom.DeferredDocumentImpl.getChunkIndex([[III)I @ 3

Classes redefined (0 events):
No events

Internal exceptions (10 events):
Event: 5407.888 Thread 0x000000001fc93000 Exception <a 'java/lang/ClassNotFoundException': sync_local_repo1154_7rywppzptqsqx1u3ncnl8zahkBeanInfo> (0x00000000ef2f2b38) thrown at [D:\src\AOSP-openjdk-cygwin\jdk8u\hotspot\src\share\vm\classfile\systemDictionary.cpp, line 210]
Event: 5407.888 Thread 0x000000001fc93000 Exception <a 'java/lang/ClassNotFoundException': sync_local_repo1154_7rywppzptqsqx1u3ncnl8zahkCustomizer> (0x00000000ef2fe168) thrown at [D:\src\AOSP-openjdk-cygwin\jdk8u\hotspot\src\share\vm\classfile\systemDictionary.cpp, line 210]
Event: 5408.086 Thread 0x000000001fc93000 Exception <a 'sun/nio/fs/WindowsException'> (0x00000000f38286f0) thrown at [D:\src\AOSP-openjdk-cygwin\jdk8u\hotspot\src\share\vm\prims\jni.cpp, line 709]
Event: 5408.088 Thread 0x000000001fc93000 Exception <a 'sun/nio/fs/WindowsException'> (0x00000000f3834780) thrown at [D:\src\AOSP-openjdk-cygwin\jdk8u\hotspot\src\share\vm\prims\jni.cpp, line 709]
Event: 5408.385 Thread 0x000000001f428800 Implicit null exception at 0x0000000005a771da to 0x0000000005a7722d
Event: 5425.183 Thread 0x000000001fc98800 Exception <a 'sun/nio/fs/WindowsException'> (0x00000000e4cfbfe8) thrown at [D:\src\AOSP-openjdk-cygwin\jdk8u\hotspot\src\share\vm\prims\jni.cpp, line 709]
Event: 5430.522 Thread 0x000000001fc93000 Exception <a 'java/lang/ClassNotFoundException': sync_local_repo680_cnj25jnr3hmd87a8qr5i9mvscBeanInfo> (0x00000000e5060b28) thrown at [D:\src\AOSP-openjdk-cygwin\jdk8u\hotspot\src\share\vm\classfile\systemDictionary.cpp, line 210]
Event: 5430.522 Thread 0x000000001fc93000 Exception <a 'java/lang/ClassNotFoundException': sync_local_repo680_cnj25jnr3hmd87a8qr5i9mvscCustomizer> (0x00000000e506bed0) thrown at [D:\src\AOSP-openjdk-cygwin\jdk8u\hotspot\src\share\vm\classfile\systemDictionary.cpp, line 210]
Event: 5430.781 Thread 0x000000001fc93000 Exception <a 'sun/nio/fs/WindowsException'> (0x00000000e96000e0) thrown at [D:\src\AOSP-openjdk-cygwin\jdk8u\hotspot\src\share\vm\prims\jni.cpp, line 709]
Event: 5430.783 Thread 0x000000001fc93000 Exception <a 'sun/nio/fs/WindowsException'> (0x00000000e960c170) thrown at [D:\src\AOSP-openjdk-cygwin\jdk8u\hotspot\src\share\vm\prims\jni.cpp, line 709]

Events (10 events):
Event: 5431.428 Thread 0x000000001adf1800 flushing nmethod 0x00000000095da0d0
Event: 5431.428 Thread 0x000000001adf1800 flushing nmethod 0x00000000095e3790
Event: 5431.428 Thread 0x000000001adf1800 flushing nmethod 0x00000000095e7390
Event: 5431.428 Thread 0x000000001adf1800 flushing nmethod 0x0000000009605710
Event: 5431.428 Thread 0x000000001adf1800 flushing nmethod 0x0000000009640850
Event: 5431.428 Thread 0x000000001adf1800 flushing nmethod 0x00000000096512d0
Event: 5431.428 Thread 0x000000001adf1800 flushing nmethod 0x000000000968aed0
Event: 5431.428 Thread 0x000000001adf1800 flushing nmethod 0x0000000009766ad0
Event: 5431.428 Thread 0x000000001adf1800 flushing nmethod 0x0000000009778490
Event: 5431.428 Thread 0x000000001adf1800 flushing nmethod 0x00000000097bbd50


Dynamic libraries:
0x00007ff6ab650000 - 0x00007ff6ab681000 	C:\Program Files\Android\Android Studio\jre\bin\java.exe
0x00007ffebbba0000 - 0x00007ffebbd80000 	C:\WINDOWS\SYSTEM32\ntdll.dll
0x00007ffebb4e0000 - 0x00007ffebb58e000 	C:\WINDOWS\System32\KERNEL32.DLL
0x00007ffeb81d0000 - 0x00007ffeb8436000 	C:\WINDOWS\System32\KERNELBASE.dll
0x00007ffeb5fe0000 - 0x00007ffeb6068000 	C:\WINDOWS\SYSTEM32\apphelp.dll
0x00007ffebb5f0000 - 0x00007ffebb691000 	C:\WINDOWS\System32\ADVAPI32.dll
0x00007ffeb9650000 - 0x00007ffeb96ed000 	C:\WINDOWS\System32\msvcrt.dll
0x00007ffebb940000 - 0x00007ffebb99b000 	C:\WINDOWS\System32\sechost.dll
0x00007ffebb100000 - 0x00007ffebb21f000 	C:\WINDOWS\System32\RPCRT4.dll
0x00007ffebb7b0000 - 0x00007ffebb93f000 	C:\WINDOWS\System32\USER32.dll
0x00007ffeb8590000 - 0x00007ffeb85b0000 	C:\WINDOWS\System32\win32u.dll
0x00007ffeb90a0000 - 0x00007ffeb90c8000 	C:\WINDOWS\System32\GDI32.dll
0x00007ffeb85b0000 - 0x00007ffeb8743000 	C:\WINDOWS\System32\gdi32full.dll
0x00007ffeb8fd0000 - 0x00007ffeb906b000 	C:\WINDOWS\System32\msvcp_win.dll
0x00007ffeb8490000 - 0x00007ffeb8586000 	C:\WINDOWS\System32\ucrtbase.dll
0x00007ffeabc10000 - 0x00007ffeabe79000 	C:\WINDOWS\WinSxS\amd64_microsoft.windows.common-controls_6595b64144ccf1df_6.0.16299.431_none_15c7d3ee93659e73\COMCTL32.dll
0x00007ffebadf0000 - 0x00007ffebb0f8000 	C:\WINDOWS\System32\combase.dll
0x00007ffeb8800000 - 0x00007ffeb8872000 	C:\WINDOWS\System32\bcryptPrimitives.dll
0x00007ffeb9070000 - 0x00007ffeb909d000 	C:\WINDOWS\System32\IMM32.DLL
0x0000000052020000 - 0x00000000520f2000 	C:\Program Files\Android\Android Studio\jre\jre\bin\msvcr100.dll
0x00000000521e0000 - 0x0000000052a1f000 	C:\Program Files\Android\Android Studio\jre\jre\bin\server\jvm.dll
0x00007ffebb4d0000 - 0x00007ffebb4d8000 	C:\WINDOWS\System32\PSAPI.DLL
0x00007ffeb6330000 - 0x00007ffeb6339000 	C:\WINDOWS\SYSTEM32\WSOCK32.dll
0x00007ffeb40a0000 - 0x00007ffeb40c3000 	C:\WINDOWS\SYSTEM32\WINMM.dll
0x00007ffeb3880000 - 0x00007ffeb388a000 	C:\WINDOWS\SYSTEM32\VERSION.dll
0x00007ffeb96f0000 - 0x00007ffeb975c000 	C:\WINDOWS\System32\WS2_32.dll
0x00007ffeb4030000 - 0x00007ffeb405a000 	C:\WINDOWS\SYSTEM32\WINMMBASE.dll
0x00007ffeb8440000 - 0x00007ffeb848a000 	C:\WINDOWS\System32\cfgmgr32.dll
0x00007ffeb3a80000 - 0x00007ffeb3a8f000 	C:\Program Files\Android\Android Studio\jre\jre\bin\verify.dll
0x00007ffeb30e0000 - 0x00007ffeb3109000 	C:\Program Files\Android\Android Studio\jre\jre\bin\java.dll
0x00007ffeb3370000 - 0x00007ffeb3386000 	C:\Program Files\Android\Android Studio\jre\jre\bin\zip.dll
0x00007ffeb9760000 - 0x00007ffebab98000 	C:\WINDOWS\System32\SHELL32.dll
0x00007ffebb390000 - 0x00007ffebb436000 	C:\WINDOWS\System32\shcore.dll
0x00007ffeb8880000 - 0x00007ffeb8fc7000 	C:\WINDOWS\System32\windows.storage.dll
0x00007ffebb590000 - 0x00007ffebb5e1000 	C:\WINDOWS\System32\shlwapi.dll
0x00007ffeb7f10000 - 0x00007ffeb7f21000 	C:\WINDOWS\System32\kernel.appcore.dll
0x00007ffeb7f50000 - 0x00007ffeb7f9c000 	C:\WINDOWS\System32\powrprof.dll
0x00007ffeb7f30000 - 0x00007ffeb7f4b000 	C:\WINDOWS\System32\profapi.dll
0x00007ffead870000 - 0x00007ffead88a000 	C:\Program Files\Android\Android Studio\jre\jre\bin\net.dll
0x00007ffeb7780000 - 0x00007ffeb77e6000 	C:\WINDOWS\system32\mswsock.dll
0x00007ffead850000 - 0x00007ffead861000 	C:\Program Files\Android\Android Studio\jre\jre\bin\nio.dll
0x00007ffea7680000 - 0x00007ffea769e000 	C:\Users\Usuario\.gradle\native\25\windows-amd64\native-platform.dll
0x00007ffeb33c0000 - 0x00007ffeb33cd000 	C:\Program Files\Android\Android Studio\jre\jre\bin\management.dll
0x00007ffeb7940000 - 0x00007ffeb7957000 	C:\WINDOWS\SYSTEM32\CRYPTSP.dll
0x00007ffeb7380000 - 0x00007ffeb73b3000 	C:\WINDOWS\system32\rsaenh.dll
0x00007ffeb7a50000 - 0x00007ffeb7a75000 	C:\WINDOWS\SYSTEM32\bcrypt.dll
0x00007ffeb7e20000 - 0x00007ffeb7e49000 	C:\WINDOWS\SYSTEM32\USERENV.dll
0x00007ffeb7960000 - 0x00007ffeb796b000 	C:\WINDOWS\SYSTEM32\CRYPTBASE.dll
0x00007ffeb7510000 - 0x00007ffeb7549000 	C:\WINDOWS\SYSTEM32\IPHLPAPI.DLL
0x00007ffebb440000 - 0x00007ffebb448000 	C:\WINDOWS\System32\NSI.dll
0x00007ffeafe50000 - 0x00007ffeafe66000 	C:\WINDOWS\SYSTEM32\dhcpcsvc6.DLL
0x00007ffeafe30000 - 0x00007ffeafe4a000 	C:\WINDOWS\SYSTEM32\dhcpcsvc.DLL
0x00007ffeb7020000 - 0x00007ffeb7051000 	C:\WINDOWS\SYSTEM32\ntmarta.dll

VM Arguments:
jvm_args: -Xmx1536m -Dfile.encoding=windows-1252 -Duser.country=ES -Duser.language=es -Duser.variant 
java_command: org.gradle.launcher.daemon.bootstrap.GradleDaemon 4.4
java_class_path (initial): C:\Users\Usuario\.gradle\wrapper\dists\gradle-4.4-all\9br9xq1tocpiv8o6njlyu5op1\gradle-4.4\lib\gradle-launcher-4.4.jar
Launcher Type: SUN_STANDARD

Environment Variables:
JAVA_HOME=C:\Program Files\Java\jdk1.8.0_112
PATH=C:\ProgramData\Oracle\Java\javapath;C:\Program Files\Java\jdk1.8.0_112\bin;C:\Program Files (x86)\Intel\iCLS Client\;C:\Program Files\Intel\iCLS Client\;C:\Windows\system32;C:\Windows;C:\Windows\System32\Wbem;C:\Windows\System32\WindowsPowerShell\v1.0\;C:\Program Files (x86)\NVIDIA Corporation\PhysX\Common;C:\Program Files (x86)\Intel\Intel(R) Management Engine Components\DAL;C:\Program Files\Intel\Intel(R) Management Engine Components\DAL;C:\Program Files (x86)\Intel\Intel(R) Management Engine Components\IPT;C:\Program Files\Intel\Intel(R) Management Engine Components\IPT;C:\WINDOWS\system32;C:\WINDOWS;C:\WINDOWS\System32\Wbem;C:\WINDOWS\System32\WindowsPowerShell\v1.0\;C:\Program Files\Git\cmd;C:\Users\Usuario\AppData\Local\Microsoft\WindowsApps
USERNAME=Usuario
OS=Windows_NT
PROCESSOR_IDENTIFIER=Intel64 Family 6 Model 94 Stepping 3, GenuineIntel



---------------  S Y S T E M  ---------------

OS: Windows 10.0 , 64 bit Build 16299 (10.0.16299.431)

CPU:total 8 (initial active 8) (4 cores per cpu, 2 threads per core) family 6 model 94 stepping 3, cmov, cx8, fxsr, mmx, sse, sse2, sse3, ssse3, sse4.1, sse4.2, popcnt, avx, avx2, aes, clmul, erms, rtm, 3dnowpref, lzcnt, ht, tsc, tscinvbit, bmi1, bmi2, adx

Memory: 4k page, physical 12476168k(3726464k free), swap 12476168k(5092k free)

vm_info: OpenJDK 64-Bit Server VM (25.152-b02) for windows-amd64 JRE (1.8.0_152-release-1024-b02), built by "builder" with MS VC++ 10.0 (VS2010)

time: Fri May 11 11:57:19 2018
elapsed time: 5431 seconds (0d 1h 30m 31s)

